This is pdfTeX, Version 3.1415926-2.5-1.40.14 (Web2C 2013) (format=pdflatex 2015.2.6)  27 MAY 2015 11:23
entering extended mode
 restricted \write18 enabled.
 %&-line parsing enabled.
**proj_report_outline.tex
(./proj_report_outline.tex
LaTeX2e <2011/06/27>
Babel <v3.8l> and hyphenation patterns for english, dumylang, nohyphenation, uk
rainian, turkish, swedish, spanish, slovenian, slovak, serbian, russian, romani
an, portuguese, polish, bokmal, nynorsk, latin, italian, irish, indonesian, ice
landic, hungarian, monogreek, greek, german, ngerman, french, finnish, estonian
, esperanto, dutch, danish, czech, croatian, catalan, bulgarian, basque, loaded
.
(/usr/pkg/share/texmf-dist/tex/latex/base/report.cls
Document Class: report 2007/10/19 v1.4h Standard LaTeX document class
(/usr/pkg/share/texmf-dist/tex/latex/base/size11.clo
File: size11.clo 2007/10/19 v1.4h Standard LaTeX file (size option)
)
\c@part=\count79
\c@chapter=\count80
\c@section=\count81
\c@subsection=\count82
\c@subsubsection=\count83
\c@paragraph=\count84
\c@subparagraph=\count85
\c@figure=\count86
\c@table=\count87
\abovecaptionskip=\skip41
\belowcaptionskip=\skip42
\bibindent=\dimen102
)
(/usr/pkg/share/texmf-dist/tex/latex/graphics/graphicx.sty
Package: graphicx 1999/02/16 v1.0f Enhanced LaTeX Graphics (DPC,SPQR)

(/usr/pkg/share/texmf-dist/tex/latex/graphics/keyval.sty
Package: keyval 1999/03/16 v1.13 key=value parser (DPC)
\KV@toks@=\toks14
)
(/usr/pkg/share/texmf-dist/tex/latex/graphics/graphics.sty
Package: graphics 2009/02/05 v1.0o Standard LaTeX Graphics (DPC,SPQR)

(/usr/pkg/share/texmf-dist/tex/latex/graphics/trig.sty
Package: trig 1999/03/16 v1.09 sin cos tan (DPC)
)
(/usr/pkg/share/texmf-dist/tex/latex/latexconfig/graphics.cfg
File: graphics.cfg 2010/04/23 v1.9 graphics configuration of TeX Live
)
Package graphics Info: Driver file: pdftex.def on input line 91.

(/usr/pkg/share/texmf-dist/tex/latex/pdftex-def/pdftex.def
File: pdftex.def 2011/05/27 v0.06d Graphics/color for pdfTeX

(/usr/pkg/share/texmf-dist/tex/generic/oberdiek/infwarerr.sty
Package: infwarerr 2010/04/08 v1.3 Providing info/warning/error messages (HO)
)
(/usr/pkg/share/texmf-dist/tex/generic/oberdiek/ltxcmds.sty
Package: ltxcmds 2011/11/09 v1.22 LaTeX kernel commands for general use (HO)
)
\Gread@gobject=\count88
))
\Gin@req@height=\dimen103
\Gin@req@width=\dimen104
) (./psfig.sty
\@unused=\write3
\ps@stream=\read1
\p@intvaluex=\dimen105
\p@intvaluey=\dimen106

psfig/tex 1.10-dvips
) (/usr/pkg/share/texmf-dist/tex/latex/amsmath/amsmath.sty
Package: amsmath 2000/07/18 v2.13 AMS math features
\@mathmargin=\skip43

For additional information on amsmath, use the `?' option.
(/usr/pkg/share/texmf-dist/tex/latex/amsmath/amstext.sty
Package: amstext 2000/06/29 v2.01

(/usr/pkg/share/texmf-dist/tex/latex/amsmath/amsgen.sty
File: amsgen.sty 1999/11/30 v2.0
\@emptytoks=\toks15
\ex@=\dimen107
))
(/usr/pkg/share/texmf-dist/tex/latex/amsmath/amsbsy.sty
Package: amsbsy 1999/11/29 v1.2d
\pmbraise@=\dimen108
)
(/usr/pkg/share/texmf-dist/tex/latex/amsmath/amsopn.sty
Package: amsopn 1999/12/14 v2.01 operator names
)
\inf@bad=\count89
LaTeX Info: Redefining \frac on input line 211.
\uproot@=\count90
\leftroot@=\count91
LaTeX Info: Redefining \overline on input line 307.
\classnum@=\count92
\DOTSCASE@=\count93
LaTeX Info: Redefining \ldots on input line 379.
LaTeX Info: Redefining \dots on input line 382.
LaTeX Info: Redefining \cdots on input line 467.
\Mathstrutbox@=\box26
\strutbox@=\box27
\big@size=\dimen109
LaTeX Font Info:    Redeclaring font encoding OML on input line 567.
LaTeX Font Info:    Redeclaring font encoding OMS on input line 568.
\macc@depth=\count94
\c@MaxMatrixCols=\count95
\dotsspace@=\muskip10
\c@parentequation=\count96
\dspbrk@lvl=\count97
\tag@help=\toks16
\row@=\count98
\column@=\count99
\maxfields@=\count100
\andhelp@=\toks17
\eqnshift@=\dimen110
\alignsep@=\dimen111
\tagshift@=\dimen112
\tagwidth@=\dimen113
\totwidth@=\dimen114
\lineht@=\dimen115
\@envbody=\toks18
\multlinegap=\skip44
\multlinetaggap=\skip45
\mathdisplay@stack=\toks19
LaTeX Info: Redefining \[ on input line 2666.
LaTeX Info: Redefining \] on input line 2667.
)
(/usr/pkg/share/texmf-dist/tex/latex/float/float.sty
Package: float 2001/11/08 v1.3d Float enhancements (AL)
\c@float@type=\count101
\float@exts=\toks20
\float@box=\box28
\@float@everytoks=\toks21
\@floatcapt=\box29
)
(/usr/pkg/share/texmf-dist/tex/latex/oberdiek/epstopdf.sty
Package: epstopdf 2010/02/09 v2.5 Conversion with epstopdf on the fly (HO)

(/usr/pkg/share/texmf-dist/tex/latex/oberdiek/epstopdf-base.sty
Package: epstopdf-base 2010/02/09 v2.5 Base part for package epstopdf

(/usr/pkg/share/texmf-dist/tex/latex/oberdiek/grfext.sty
Package: grfext 2010/08/19 v1.1 Manage graphics extensions (HO)

(/usr/pkg/share/texmf-dist/tex/generic/oberdiek/kvdefinekeys.sty
Package: kvdefinekeys 2011/04/07 v1.3 Define keys (HO)
))
(/usr/pkg/share/texmf-dist/tex/latex/oberdiek/kvoptions.sty
Package: kvoptions 2011/06/30 v3.11 Key value format for package options (HO)

(/usr/pkg/share/texmf-dist/tex/generic/oberdiek/kvsetkeys.sty
Package: kvsetkeys 2012/04/25 v1.16 Key value parser (HO)

(/usr/pkg/share/texmf-dist/tex/generic/oberdiek/etexcmds.sty
Package: etexcmds 2011/02/16 v1.5 Avoid name clashes with e-TeX commands (HO)

(/usr/pkg/share/texmf-dist/tex/generic/oberdiek/ifluatex.sty
Package: ifluatex 2010/03/01 v1.3 Provides the ifluatex switch (HO)
Package ifluatex Info: LuaTeX not detected.
)
Package etexcmds Info: Could not find \expanded.
(etexcmds)             That can mean that you are not using pdfTeX 1.50 or
(etexcmds)             that some package has redefined \expanded.
(etexcmds)             In the latter case, load this package earlier.
)))
(/usr/pkg/share/texmf-dist/tex/generic/oberdiek/pdftexcmds.sty
Package: pdftexcmds 2011/11/29 v0.20 Utility functions of pdfTeX for LuaTeX (HO
)

(/usr/pkg/share/texmf-dist/tex/generic/oberdiek/ifpdf.sty
Package: ifpdf 2011/01/30 v2.3 Provides the ifpdf switch (HO)
Package ifpdf Info: pdfTeX in PDF mode is detected.
)
Package pdftexcmds Info: LuaTeX not detected.
Package pdftexcmds Info: \pdf@primitive is available.
Package pdftexcmds Info: \pdf@ifprimitive is available.
Package pdftexcmds Info: \pdfdraftmode found.
)
Package grfext Info: Graphics extension search list:
(grfext)             [.png,.pdf,.jpg,.mps,.jpeg,.jbig2,.jb2,.PNG,.PDF,.JPG,.JPE
G,.JBIG2,.JB2,.eps]
(grfext)             \AppendGraphicsExtensions on input line 452.

(/usr/pkg/share/texmf-dist/tex/latex/latexconfig/epstopdf-sys.cfg
File: epstopdf-sys.cfg 2010/07/13 v1.3 Configuration of (r)epstopdf for TeX Liv
e
)))
(/usr/pkg/share/texmf-dist/tex/latex/multirow/multirow.sty
\bigstrutjot=\dimen116
)
(/usr/pkg/share/texmf-dist/tex/latex/mh/mathtools.sty
Package: mathtools 2013/02/12 v1.13 mathematical typesetting tools

(/usr/pkg/share/texmf-dist/tex/latex/tools/calc.sty
Package: calc 2007/08/22 v4.3 Infix arithmetic (KKT,FJ)
\calc@Acount=\count102
\calc@Bcount=\count103
\calc@Adimen=\dimen117
\calc@Bdimen=\dimen118
\calc@Askip=\skip46
\calc@Bskip=\skip47
LaTeX Info: Redefining \setlength on input line 76.
LaTeX Info: Redefining \addtolength on input line 77.
\calc@Ccount=\count104
\calc@Cskip=\skip48
)
(/usr/pkg/share/texmf-dist/tex/latex/mh/mhsetup.sty
Package: mhsetup 2010/01/21 v1.2a programming setup (MH)
)
LaTeX Info: Thecontrolsequence`\['isalreadyrobust on input line 129.
LaTeX Info: Thecontrolsequence`\]'isalreadyrobust on input line 129.
\g_MT_multlinerow_int=\count105
\l_MT_multwidth_dim=\dimen119
\origjot=\skip49
\l_MT_shortvdotswithinadjustabove_dim=\dimen120
\l_MT_shortvdotswithinadjustbelow_dim=\dimen121
\l_MT_above_intertext_sep=\dimen122
\l_MT_below_intertext_sep=\dimen123
\l_MT_above_shortintertext_sep=\dimen124
\l_MT_below_shortintertext_sep=\dimen125
)
(/usr/pkg/share/texmf-dist/tex/latex/changepage/changepage.sty
Package: changepage 2009/10/20 v1.0c check page and change page layout
\c@cp@cntr=\count106
\cp@tempcnt=\count107
)
(/usr/pkg/share/texmf-dist/tex/latex/amsfonts/amssymb.sty
Package: amssymb 2013/01/14 v3.01 AMS font symbols

(/usr/pkg/share/texmf-dist/tex/latex/amsfonts/amsfonts.sty
Package: amsfonts 2013/01/14 v3.01 Basic AMSFonts support
\symAMSa=\mathgroup4
\symAMSb=\mathgroup5
LaTeX Font Info:    Overwriting math alphabet `\mathfrak' in version `bold'
(Font)                  U/euf/m/n --> U/euf/b/n on input line 106.
))
(/usr/pkg/share/texmf-dist/tex/latex/threeparttable/threeparttable.sty
Package: threeparttable 2003/06/13  v 3.0
\@tempboxb=\box30
)
(/usr/pkg/share/texmf-dist/tex/latex/url/url.sty
\Urlmuskip=\muskip11
Package: url 2013/09/16  ver 3.4  Verb mode for urls, etc.
)
(/usr/pkg/share/texmf-dist/tex/latex/caption/caption.sty
Package: caption 2010/01/09 v3.1m Customizing captions (AR)

(/usr/pkg/share/texmf-dist/tex/latex/caption/caption3.sty
Package: caption3 2010/01/14 v3.1m caption3 kernel (AR)
\captionmargin=\dimen126
\captionmargin@=\dimen127
\captionwidth=\dimen128
\caption@indent=\dimen129
\caption@parindent=\dimen130
\caption@hangindent=\dimen131
)
\c@ContinuedFloat=\count108
Package caption Info: float package is loaded.
Package caption Info: threeparttable package is loaded.
)
(/usr/pkg/share/texmf-dist/tex/latex/program/program.sty
\@gtempa=\dimen132
\@gtempa=\dimen133
\@gtempa=\dimen134
\@gtempa=\dimen135
\@gtempa=\dimen136
\@gtempa=\dimen137
\@gtempa=\dimen138
\@gtempa=\dimen139
\@gtempa=\dimen140
\@gtempa=\dimen141
\@gtempa=\dimen142
\@gtempa=\dimen143
\@gtempa=\dimen144
\@gtempa=\dimen145
\@gtempa=\dimen146
\@gtempa=\dimen147
\@gtempa=\dimen148
\@gtempa=\dimen149
\@gtempa=\dimen150
\@gtempa=\dimen151
\@gtempa=\dimen152
\@gtempa=\dimen153
\@gtempa=\dimen154
\@gtempa=\dimen155
\@gtempa=\dimen156
\@gtempa=\dimen157
\@gtempa=\dimen158
\@gtempa=\dimen159
\@gtempa=\dimen160
\@gtempa=\dimen161
\@gtempa=\dimen162
\@gtempa=\dimen163
\@gtempa=\dimen164
\@gtempa=\dimen165
\@gtempa=\dimen166
\@gtempa=\dimen167
\@gtempa=\dimen168
\@gtempa=\dimen169
\@gtempa=\dimen170
\@gtempa=\dimen171
\@gtempa=\dimen172
\@gtempa=\dimen173
\@gtempa=\dimen174
\@gtempa=\dimen175
\@gtempa=\dimen176
\@gtempa=\dimen177
\@gtempa=\dimen178
\@gtempa=\dimen179
\@gtempa=\dimen180
\@gtempa=\dimen181
\c@programline=\count109
\old@nxttabmar=\count110
\symeulerletters=\mathgroup6
\powersetbox=\box31
LaTeX Font Info:    Try loading font information for U+msa on input line 798.

(/usr/pkg/share/texmf-dist/tex/latex/amsfonts/umsa.fd
File: umsa.fd 2013/01/14 v3.01 AMS symbols A
)
LaTeX Font Info:    Try loading font information for U+msb on input line 798.

(/usr/pkg/share/texmf-dist/tex/latex/amsfonts/umsb.fd
File: umsb.fd 2013/01/14 v3.01 AMS symbols B
)
LaTeX Font Info:    Try loading font information for U+eur on input line 798.

(/usr/pkg/share/texmf-dist/tex/latex/amsfonts/ueur.fd
File: ueur.fd 2013/01/14 v3.01 Euler Roman
))
(/usr/pkg/share/texmf-dist/tex/latex/tools/tabularx.sty
Package: tabularx 1999/01/07 v2.07 `tabularx' package (DPC)

(/usr/pkg/share/texmf-dist/tex/latex/tools/array.sty
Package: array 2008/09/09 v2.4c Tabular extension package (FMi)
\col@sep=\dimen182
\extrarowheight=\dimen183
\NC@list=\toks22
\extratabsurround=\skip50
\backup@length=\skip51
)
\TX@col@width=\dimen184
\TX@old@table=\dimen185
\TX@old@col=\dimen186
\TX@target=\dimen187
\TX@delta=\dimen188
\TX@cols=\count111
\TX@ftn=\toks23
)
(/usr/pkg/share/texmf-dist/tex/latex/colortbl/colortbl.sty
Package: colortbl 2001/02/13 v0.1j Color table columns (DPC)

(/usr/pkg/share/texmf-dist/tex/latex/graphics/color.sty
Package: color 2005/11/14 v1.0j Standard LaTeX Color (DPC)

(/usr/pkg/share/texmf-dist/tex/latex/latexconfig/color.cfg
File: color.cfg 2007/01/18 v1.5 color configuration of teTeX/TeXLive
)
Package color Info: Driver file: pdftex.def on input line 130.
)
\everycr=\toks24
\minrowclearance=\skip52
)
(/usr/pkg/share/texmf-dist/tex/latex/algorithms/algorithm.sty
Package: algorithm 2009/08/24 v0.1 Document Style `algorithm' - floating enviro
nment

(/usr/pkg/share/texmf-dist/tex/latex/base/ifthen.sty
Package: ifthen 2001/05/26 v1.1c Standard LaTeX ifthen package (DPC)
)
\@float@every@algorithm=\toks25
\c@algorithm=\count112
) (./algpseudocode.sty
Package: algpseudocode 

(./algorithmicx.sty
Package: algorithmicx 2005/04/27 v1.2 Algorithmicx

Document Style algorithmicx 1.2 - a greatly improved `algorithmic' style
\c@ALG@line=\count113
\c@ALG@rem=\count114
\c@ALG@nested=\count115
\ALG@tlm=\skip53
\ALG@thistlm=\skip54
\c@ALG@Lnr=\count116
\c@ALG@blocknr=\count117
\c@ALG@storecount=\count118
\c@ALG@tmpcounter=\count119
\ALG@tmplength=\skip55
)
Document Style - pseudocode environments for use with the `algorithmicx' style
) (/usr/pkg/share/texmf-dist/tex/latex/etoolbox/etoolbox.sty
Package: etoolbox 2011/01/03 v2.1 e-TeX tools for LaTeX

(/usr/pkg/share/texmf-dist/tex/latex/etex-pkg/etex.sty
Package: etex 1998/03/26 v2.0 eTeX basic definition package (PEB)
\et@xins=\count120
)
\etb@tempcnta=\count121
)
(/usr/pkg/share/texmf-dist/tex/latex/tools/hhline.sty
Package: hhline 1994/05/23 v2.03 Table rule package (DPC)
)
(/usr/pkg/share/texmf-dist/tex/latex/caption/subcaption.sty
Package: subcaption 2008/08/31 v1.0b Adding subcaptions (AR)
\c@subfigure=\count122
\c@subtable=\count123
)
\@float@every@fig=\toks26
\c@fig=\count124

(/vol/tex-local/tex/latex/local/vuwproject.sty
(/usr/pkg/share/texmf-dist/tex/latex/psnfss/mathpazo.sty
Package: mathpazo 2005/04/12 PSNFSS-v9.2a Palatino w/ Pazo Math (D.Puga, WaS) 
\symupright=\mathgroup7
)
VUW Honours reports modifications -- Mar 1995
Modified to handle different degrees 2003
Modified to handle duplex printing properly 2006
\@abstract=\box32
) (./proj_report_outline.aux (./acknowledge.aux) (./introduction.aux)
(./using.aux) (./example.aux) (./conclusion.aux))
\openout1 = `proj_report_outline.aux'.

LaTeX Font Info:    Checking defaults for OML/cmm/m/it on input line 73.
LaTeX Font Info:    ... okay on input line 73.
LaTeX Font Info:    Checking defaults for T1/cmr/m/n on input line 73.
LaTeX Font Info:    ... okay on input line 73.
LaTeX Font Info:    Checking defaults for OT1/cmr/m/n on input line 73.
LaTeX Font Info:    ... okay on input line 73.
LaTeX Font Info:    Checking defaults for OMS/cmsy/m/n on input line 73.
LaTeX Font Info:    ... okay on input line 73.
LaTeX Font Info:    Checking defaults for OMX/cmex/m/n on input line 73.
LaTeX Font Info:    ... okay on input line 73.
LaTeX Font Info:    Checking defaults for U/cmr/m/n on input line 73.
LaTeX Font Info:    ... okay on input line 73.
LaTeX Font Info:    Try loading font information for OT1+ppl on input line 73.

(/usr/pkg/share/texmf-dist/tex/latex/psnfss/ot1ppl.fd
File: ot1ppl.fd 2001/06/04 font definitions for OT1/ppl.
)
(/usr/pkg/share/texmf-dist/tex/context/base/supp-pdf.mkii
[Loading MPS to PDF converter (version 2006.09.02).]
\scratchcounter=\count125
\scratchdimen=\dimen189
\scratchbox=\box33
\nofMPsegments=\count126
\nofMParguments=\count127
\everyMPshowfont=\toks27
\MPscratchCnt=\count128
\MPscratchDim=\dimen190
\MPnumerator=\count129
\makeMPintoPDFobject=\count130
\everyMPtoPDFconversion=\toks28
)
Package caption Info: Begin \AtBeginDocument code.
Package caption Info: End \AtBeginDocument code.
LaTeX Font Info:    Try loading font information for OML+zplm on input line 90.

 (/usr/pkg/share/texmf-dist/tex/latex/psnfss/omlzplm.fd
File: omlzplm.fd 2002/09/08 Fontinst v1.914 font definitions for OML/zplm.
)
LaTeX Font Info:    Try loading font information for OMS+zplm on input line 90.


(/usr/pkg/share/texmf-dist/tex/latex/psnfss/omszplm.fd
File: omszplm.fd 2002/09/08 Fontinst v1.914 font definitions for OMS/zplm.
)
LaTeX Font Info:    Try loading font information for OMX+zplm on input line 90.


(/usr/pkg/share/texmf-dist/tex/latex/psnfss/omxzplm.fd
File: omxzplm.fd 2002/09/08 Fontinst v1.914 font definitions for OMX/zplm.
)
LaTeX Font Info:    Font shape `U/msa/m/n' will be
(Font)              scaled to size 7.91925pt on input line 90.
LaTeX Font Info:    Font shape `U/msa/m/n' will be
(Font)              scaled to size 6.25204pt on input line 90.
LaTeX Font Info:    Font shape `U/msb/m/n' will be
(Font)              scaled to size 7.91925pt on input line 90.
LaTeX Font Info:    Font shape `U/msb/m/n' will be
(Font)              scaled to size 6.25204pt on input line 90.
LaTeX Font Info:    Try loading font information for OT1+zplm on input line 90.


(/usr/pkg/share/texmf-dist/tex/latex/psnfss/ot1zplm.fd
File: ot1zplm.fd 2002/09/08 Fontinst v1.914 font definitions for OT1/zplm.
)
LaTeX Font Info:    Font shape `U/msa/m/n' will be
(Font)              scaled to size 11.40997pt on input line 90.
LaTeX Font Info:    Font shape `U/msa/m/n' will be
(Font)              scaled to size 8.33606pt on input line 90.
LaTeX Font Info:    Font shape `U/msb/m/n' will be
(Font)              scaled to size 11.40997pt on input line 90.
LaTeX Font Info:    Font shape `U/msb/m/n' will be
(Font)              scaled to size 8.33606pt on input line 90.
LaTeX Font Info:    Font shape `OT1/ppl/bx/n' in size <17.28> not available
(Font)              Font shape `OT1/ppl/b/n' tried instead on input line 90.
LaTeX Font Info:    Font shape `OT1/ppl/bx/n' in size <10.95> not available
(Font)              Font shape `OT1/ppl/b/n' tried instead on input line 90.
 [-1

{/var/lib/texmf/fonts/map/pdftex/updmap/pdftex.map}] [0]
\openout2 = `acknowledge.aux'.

 (./acknowledge.tex
LaTeX Font Info:    Font shape `OT1/ppl/bx/n' in size <24.88> not available
(Font)              Font shape `OT1/ppl/b/n' tried instead on input line 1.
) [1



] [2


]
(./proj_report_outline.toc
LaTeX Font Info:    Font shape `OT1/ppl/bx/n' in size <8> not available
(Font)              Font shape `OT1/ppl/b/n' tried instead on input line 14.
)
\tf@toc=\write4
\openout4 = `proj_report_outline.toc'.

 [3] [4

] (./proj_report_outline.lof)
\tf@lof=\write5
\openout5 = `proj_report_outline.lof'.

 [5] [6

]
\openout2 = `introduction.aux'.


(./introduction.tex
Chapter 1.
LaTeX Font Info:    Font shape `OT1/ppl/bx/n' in size <20.74> not available
(Font)              Font shape `OT1/ppl/b/n' tried instead on input line 1.
LaTeX Font Info:    Font shape `OT1/ppl/bx/n' in size <14.4> not available
(Font)              Font shape `OT1/ppl/b/n' tried instead on input line 44.

Underfull \vbox (badness 10000) has occurred while \output is active []

 [1


]
Overfull \hbox (9.16833pt too wide) in paragraph at lines 69--83
[]\OT1/ppl/m/n/10.95 Evolutionary multi-objective op-ti-miza-tion (EMO) method-
olo-gies is ideal for solv-ing multi-
 []

LaTeX Font Info:    Try loading font information for OMS+ppl on input line 114.

(/usr/pkg/share/texmf-dist/tex/latex/psnfss/omsppl.fd
File: omsppl.fd 
)
LaTeX Font Info:    Font shape `OMS/ppl/m/n' in size <10.95> not available
(Font)              Font shape `OMS/cmsy/m/n' tried instead on input line 114.


LaTeX Warning: Reference `sec:Background' on page 2 undefined on input line 126
.


LaTeX Warning: Reference `sec:problem' on page 2 undefined on input line 127.


LaTeX Warning: Reference `sec:algorithm_des' on page 2 undefined on input line 
127.


LaTeX Warning: Reference `sec:experiment' on page 2 undefined on input line 128
.


LaTeX Warning: Reference `sec:conclusion' on page 2 undefined on input line 128
.

[2]
Chapter 2.
LaTeX Font Info:    Font shape `OT1/ppl/bx/n' in size <12> not available
(Font)              Font shape `OT1/ppl/b/n' tried instead on input line 132.
[3

]
! Missing $ inserted.
<inserted text> 
                $
l.176 ...mum velocity, $v_{max}$ and  $v_{id}$ \in
                                                   $[-v_{max}, v_{max}]$.
? 
! Missing $ inserted.
<inserted text> 
                $
l.176 ...locity, $v_{max}$ and  $v_{id}$ \in $[-v_
                                                  {max}, v_{max}]$.
? 
) [4]
\openout2 = `using.aux'.

 (./using.tex
Chapter 3.
[5



]
Overfull \hbox (7.08351pt too wide) in paragraph at lines 95--96
[]\OT1/ppl/m/n/10.95 A \OT1/ppl/m/it/10.95 ser-vice location-allocation ma-trix
 $\OML/zplm/m/it/10.95 A \OT1/zplm/m/n/10.95 = [\OML/zplm/m/it/10.95 a[]\OT1/zp
lm/m/n/10.95 ]$ \OT1/ppl/m/n/10.95 rep-re-sents the ac-tual ser-vice location-a
llocation,
 []

) [6]
\openout2 = `example.aux'.

 (./example.tex
Chapter 4.
LaTeX Font Info:    Font shape `U/msa/m/n' will be
(Font)              scaled to size 25.92514pt on input line 1.
LaTeX Font Info:    Font shape `U/msa/m/n' will be
(Font)              scaled to size 21.61124pt on input line 1.
LaTeX Font Info:    Font shape `U/msb/m/n' will be
(Font)              scaled to size 25.92514pt on input line 1.
LaTeX Font Info:    Font shape `U/msb/m/n' will be
(Font)              scaled to size 21.61124pt on input line 1.

Underfull \vbox (badness 1540) has occurred while \output is active []

 [7



]
LaTeX Font Info:    Font shape `OT1/ppl/bx/n' in size <10> not available
(Font)              Font shape `OT1/ppl/b/n' tried instead on input line 86.


LaTeX Warning: Citation `GRM97GC' on page 8 undefined on input line 89.


LaTeX Warning: Citation `Dum93a' on page 8 undefined on input line 113.


LaTeX Warning: Citation `Dum93b' on page 8 undefined on input line 113.

[8]

LaTeX Warning: Citation `GMS94' on page 9 undefined on input line 127.


LaTeX Warning: Citation `Lam94' on page 9 undefined on input line 127.

) [9]
\openout2 = `conclusion.aux'.

 (./conclusion.tex [10



]
Chapter 5.
) [11] [12


] (./proj_report_outline.bbl
Missing character: There is no â in font pplr7t!
Missing character: There is no € in font pplr7t!
Missing character: There is no “ in font pplr7t!
Missing character: There is no Ã in font pplrc7t!
Missing character: There is no ­ in font pplrc7t!
Missing character: There is no Ã in font pplrc7t!
Missing character: There is no º in font pplrc7t!
Missing character: There is no Ã in font pplr7t!
Missing character: There is no ¡ in font pplr7t!
 [13

]) [14] (./proj_report_outline.aux
(./acknowledge.aux) (./introduction.aux) (./using.aux) (./example.aux)
(./conclusion.aux))

LaTeX Warning: There were undefined references.

 ) 
Here is how much of TeX's memory you used:
 6176 strings out of 493945
 85803 string characters out of 6159097
 164540 words of memory out of 5000000
 9200 multiletter control sequences out of 15000+600000
 51840 words of font info for 145 fonts, out of 8000000 for 9000
 774 hyphenation exceptions out of 8191
 42i,12n,38p,803b,390s stack positions out of 5000i,500n,10000p,200000b,80000s
{/usr/pkg/share/texmf-dist/fonts/enc/dvips/base/8r.enc}</usr/pkg/share/texmf-
dist/fonts/type1/public/amsfonts/cm/cmex10.pfb></usr/pkg/share/texmf-dist/fonts
/type1/public/amsfonts/cm/cmmi10.pfb></usr/pkg/share/texmf-dist/fonts/type1/pub
lic/amsfonts/cm/cmr10.pfb></usr/pkg/share/texmf-dist/fonts/type1/public/amsfont
s/cm/cmss10.pfb></usr/pkg/share/texmf-dist/fonts/type1/public/amsfonts/cm/cmsy1
0.pfb></usr/pkg/share/texmf-dist/fonts/type1/public/amsfonts/cm/cmtt10.pfb></us
r/pkg/share/texmf-dist/fonts/type1/public/mathpazo/fplmr.pfb></usr/pkg/share/te
xmf-dist/fonts/type1/public/mathpazo/fplmri.pfb></usr/pkg/share/texmf-dist/font
s/type1/urw/palatino/uplb8a.pfb></usr/pkg/share/texmf-dist/fonts/type1/urw/pala
tino/uplr8a.pfb></usr/pkg/share/texmf-dist/fonts/type1/urw/palatino/uplri8a.pfb
></usr/pkg/share/texmf-dist/fonts/type1/vuw/vuw20.pfb>
Output written on proj_report_outline.pdf (22 pages, 164697 bytes).
PDF statistics:
 124 PDF objects out of 1000 (max. 8388607)
 87 compressed objects within 1 object stream
 0 named destinations out of 1000 (max. 500000)
 1 words of extra memory for PDF output out of 10000 (max. 10000000)

